Static verification failed:
- first-year-materials.html: missing title or description
- first-year-materials.html: missing canonical/Open Graph metadata
- lessons/lessons-1002.html: missing title or description
- lessons/lessons-1005.html: missing title or description
- lessons/lessons-1006.html: duplicate IDs ['arrow']
- lessons/lessons-2003.html: missing title or description
- lessons/lessons-2003.html: missing canonical/Open Graph metadata
- lessons/lessons-3041.html: missing title or description
- lessons/lessons-3041.html: missing canonical/Open Graph metadata
- lessons/lessons-3041.html: empty or placeholder href
- lessons/lessons-3045.html: duplicate IDs ['arr2']
- lessons/lessons-3046.html: duplicate IDs ['arr3']
- lessons/lessons-3047.html: duplicate IDs ['arr3']
- revision-2021/artificial-intelligence-and-machine-learning.html: department identifier has no matching subject data: Artificial Intelligence &amp; Machine Learning
- revision-2021/civil-and-environmental-engineering.html: department identifier has no matching subject data: Civil &amp; Environmental Engineering
- revision-2021/civil-and-rural-engineering.html: department identifier has no matching subject data: Civil &amp; Rural Engineering
- revision-2021/civil-engineering-and-planning.html: department identifier has no matching subject data: Civil Engineering &amp; Planning
- revision-2021/communication-and-computer-networking.html: department identifier has no matching subject data: Communication &amp; Computer Networking
- revision-2021/computer-application-and-business-management.html: department identifier has no matching subject data: Computer Application &amp; Business Management
- revision-2021/computer-science-and-engineering.html: department identifier has no matching subject data: Computer Science &amp; Engineering
- revision-2021/electrical-engineering-and-electric-vehicles-technology.html: department identifier has no matching subject data: Electrical Engineering &amp; Electric Vehicles Technology
- revision-2021/integrated-circuit-design-and-fabrication.html: department identifier has no matching subject data: Integrated Circuit Design &amp; Fabrication
- revision-2021/tool-and-die-engineering.html: department identifier has no matching subject data: Tool &amp; Die Engineering
